0 info it worked if it ends with ok
1 verbose cli [ '/usr/local/bin/node',
1 verbose cli   '/usr/local/bin/npm',
1 verbose cli   'run',
1 verbose cli   'lint-local' ]
2 info using npm@3.10.5
3 info using node@v4.4.7
4 verbose run-script [ 'prelint-local', 'lint-local', 'postlint-local' ]
5 info lifecycle mean@1.0.0~prelint-local: mean@1.0.0
6 silly lifecycle mean@1.0.0~prelint-local: no script for prelint-local, continuing
7 info lifecycle mean@1.0.0~lint-local: mean@1.0.0
8 verbose lifecycle mean@1.0.0~lint-local: unsafe-perm in lifecycle true
9 verbose lifecycle mean@1.0.0~lint-local: PATH: /usr/local/lib/node_modules/npm/bin/node-gyp-bin:/Users/kaishen/Documents/Confidential/github/sbux/mean/node_modules/.bin:/usr/local/bin:/usr/local/bin:/usr/bin:/bin:/usr/sbin:/sbin
10 verbose lifecycle mean@1.0.0~lint-local: CWD: /Users/kaishen/Documents/Confidential/github/sbux/mean
11 silly lifecycle mean@1.0.0~lint-local: Args: [ '-c', 'eslint src/server/**' ]
12 silly lifecycle mean@1.0.0~lint-local: Returned: code: 1  signal: null
13 info lifecycle mean@1.0.0~lint-local: Failed to exec lint-local script
14 verbose stack Error: mean@1.0.0 lint-local: `eslint src/server/**`
14 verbose stack Exit status 1
14 verbose stack     at EventEmitter.<anonymous> (/usr/local/lib/node_modules/npm/lib/utils/lifecycle.js:242:16)
14 verbose stack     at emitTwo (events.js:87:13)
14 verbose stack     at EventEmitter.emit (events.js:172:7)
14 verbose stack     at ChildProcess.<anonymous> (/usr/local/lib/node_modules/npm/lib/utils/spawn.js:40:14)
14 verbose stack     at emitTwo (events.js:87:13)
14 verbose stack     at ChildProcess.emit (events.js:172:7)
14 verbose stack     at maybeClose (internal/child_process.js:827:16)
14 verbose stack     at Process.ChildProcess._handle.onexit (internal/child_process.js:211:5)
15 verbose pkgid mean@1.0.0
16 verbose cwd /Users/kaishen/Documents/Confidential/github/sbux/mean
17 error Darwin 16.0.0
18 error argv "/usr/local/bin/node" "/usr/local/bin/npm" "run" "lint-local"
19 error node v4.4.7
20 error npm  v3.10.5
21 error code ELIFECYCLE
22 error mean@1.0.0 lint-local: `eslint src/server/**`
22 error Exit status 1
23 error Failed at the mean@1.0.0 lint-local script 'eslint src/server/**'.
23 error Make sure you have the latest version of node.js and npm installed.
23 error If you do, this is most likely a problem with the mean package,
23 error not with npm itself.
23 error Tell the author that this fails on your system:
23 error     eslint src/server/**
23 error You can get information on how to open an issue for this project with:
23 error     npm bugs mean
23 error Or if that isn't available, you can get their info via:
23 error     npm owner ls mean
23 error There is likely additional logging output above.
24 verbose exit [ 1, true ]
